<?xml version="1.0" encoding="UTF-8"?>
<!-- Generated by org.testng.reporters.JUnitXMLReporter -->
<testsuite ignored="4" hostname="IN-C02DQAH5P3XY.local" failures="1" tests="4" name="Surefire test" time="47.335" errors="0" timestamp="2022-10-14T11:49:37 IST">
  <testcase classname="uitest.TestLab" name="TestCSV" time="2.608">
    <failure type="java.io.FileNotFoundException" message="C:\Users\himanshukumar03\Downloads\webmate_testreport.csv (No such file or directory)">
      <![CDATA[java.io.FileNotFoundException: C:\Users\himanshukumar03\Downloads\webmate_testreport.csv (No such file or directory)
at java.base/java.io.FileInputStream.open0(Native Method)
at java.base/java.io.FileInputStream.open(FileInputStream.java:219)
at java.base/java.io.FileInputStream.<init>(FileInputStream.java:157)
at java.base/java.io.FileInputStream.<init>(FileInputStream.java:112)
at java.base/java.io.FileReader.<init>(FileReader.java:60)
at uitest.TestLab.TestCSV(TestLab.java:48)
at java.base/java.util.ArrayList.forEach(ArrayList.java:1541)
... Removed 32 stack frames]]>
    </failure>
  </testcase> <!-- TestCSV -->
  <testcase classname="uitest.TestLab" name="TestLab" time="4.573"/>
  <testcase classname="uitest.DevicesTest" name="DesktopDeployment" time="2.913"/>
  <testcase classname="uitest.DevicesTest" name="DevicesMobile" time="5.69"/>
  <testcase classname="baseclass.UiBaseTest" name="@BeforeSuite setExtent" time="0.0">
    <ignored/>
  </testcase> <!-- @BeforeSuite setExtent -->
  <testcase classname="baseclass.UiBaseTest" name="@BeforeSuite setExtent" time="0.0">
    <ignored/>
  </testcase> <!-- @BeforeSuite setExtent -->
  <testcase classname="baseclass.UiBaseTest" name="@AfterSuite endReport" time="0.0">
    <ignored/>
  </testcase> <!-- @AfterSuite endReport -->
  <testcase classname="baseclass.UiBaseTest" name="@AfterSuite endReport" time="0.0">
    <ignored/>
  </testcase> <!-- @AfterSuite endReport -->
</testsuite> <!-- Surefire test -->
