<?xml version="1.0" encoding="UTF-8"?>
<!-- Generated by org.testng.reporters.JUnitXMLReporter -->
<testsuite ignored="10" hostname="IN-PG02NMX7" failures="0" tests="6" name="Test" time="10.784" errors="0" timestamp="2022-02-07T20:28:10 IST">
  <testcase classname="test.GenerateTokenTestApi" name="Token" time="2.914"/>
  <testcase classname="test.CreateBookingTestApi" name="ValidCreateBooking" time="1.781"/>
  <testcase classname="test.UpdateBookingTestApi" name="ValidUpdate" time="1.514"/>
  <testcase classname="test.GetBookingTestApi" name="Getbooking" time="1.381"/>
  <testcase classname="test.DeleteBookingTestApi" name="ValidDelete" time="1.372"/>
  <testcase classname="test.DeleteBookingTestApi" name="InvalidDelete" time="1.416"/>
  <testcase classname="baseclass.ApiBaseTest" name="@BeforeSuite setExtent" time="0.0">
    <ignored/>
  </testcase> <!-- @BeforeSuite setExtent -->
  <testcase classname="baseclass.ApiBaseTest" name="@BeforeSuite setExtent" time="0.0">
    <ignored/>
  </testcase> <!-- @BeforeSuite setExtent -->
  <testcase classname="baseclass.ApiBaseTest" name="@BeforeSuite setExtent" time="0.0">
    <ignored/>
  </testcase> <!-- @BeforeSuite setExtent -->
  <testcase classname="baseclass.ApiBaseTest" name="@BeforeSuite setExtent" time="0.0">
    <ignored/>
  </testcase> <!-- @BeforeSuite setExtent -->
  <testcase classname="baseclass.ApiBaseTest" name="@BeforeSuite setExtent" time="0.0">
    <ignored/>
  </testcase> <!-- @BeforeSuite setExtent -->
  <testcase classname="baseclass.ApiBaseTest" name="@AfterSuite endReport" time="0.0">
    <ignored/>
  </testcase> <!-- @AfterSuite endReport -->
  <testcase classname="baseclass.ApiBaseTest" name="@AfterSuite endReport" time="0.0">
    <ignored/>
  </testcase> <!-- @AfterSuite endReport -->
  <testcase classname="baseclass.ApiBaseTest" name="@AfterSuite endReport" time="0.0">
    <ignored/>
  </testcase> <!-- @AfterSuite endReport -->
  <testcase classname="baseclass.ApiBaseTest" name="@AfterSuite endReport" time="0.0">
    <ignored/>
  </testcase> <!-- @AfterSuite endReport -->
  <testcase classname="baseclass.ApiBaseTest" name="@AfterSuite endReport" time="0.0">
    <ignored/>
  </testcase> <!-- @AfterSuite endReport -->
</testsuite> <!-- Test -->
